  Origine.cpp
C:\Users\albim\OneDrive\Desktop\C++\Esercitazione 6\es2_esercitazione6\es2_esercitazione6\Origine.cpp(113,11): error C2039: 'getanno': non è un membro di 'Item'
C:\Users\albim\OneDrive\Desktop\C++\Esercitazione 6\es2_esercitazione6\es2_esercitazione6\listTest.h(19): message : vedere la dichiarazione di 'Item'
C:\Users\albim\OneDrive\Desktop\C++\Esercitazione 6\es2_esercitazione6\es2_esercitazione6\Origine.cpp(113,27): error C2039: 'getanno': non è un membro di 'Item'
C:\Users\albim\OneDrive\Desktop\C++\Esercitazione 6\es2_esercitazione6\es2_esercitazione6\listTest.h(19): message : vedere la dichiarazione di 'Item'
C:\Users\albim\OneDrive\Desktop\C++\Esercitazione 6\es2_esercitazione6\es2_esercitazione6\Origine.cpp(113,46): error C2039: 'getanno': non è un membro di 'Item'
C:\Users\albim\OneDrive\Desktop\C++\Esercitazione 6\es2_esercitazione6\es2_esercitazione6\listTest.h(19): message : vedere la dichiarazione di 'Item'
C:\Users\albim\OneDrive\Desktop\C++\Esercitazione 6\es2_esercitazione6\es2_esercitazione6\Origine.cpp(113,63): error C2039: 'getanno': non è un membro di 'Item'
C:\Users\albim\OneDrive\Desktop\C++\Esercitazione 6\es2_esercitazione6\es2_esercitazione6\listTest.h(19): message : vedere la dichiarazione di 'Item'
C:\Users\albim\OneDrive\Desktop\C++\Esercitazione 6\es2_esercitazione6\es2_esercitazione6\Origine.cpp(113,80): error C2039: 'getmese': non è un membro di 'Item'
C:\Users\albim\OneDrive\Desktop\C++\Esercitazione 6\es2_esercitazione6\es2_esercitazione6\listTest.h(19): message : vedere la dichiarazione di 'Item'
C:\Users\albim\OneDrive\Desktop\C++\Esercitazione 6\es2_esercitazione6\es2_esercitazione6\Origine.cpp(113,96): error C2039: 'getmese': non è un membro di 'Item'
C:\Users\albim\OneDrive\Desktop\C++\Esercitazione 6\es2_esercitazione6\es2_esercitazione6\listTest.h(19): message : vedere la dichiarazione di 'Item'
C:\Users\albim\OneDrive\Desktop\C++\Esercitazione 6\es2_esercitazione6\es2_esercitazione6\Origine.cpp(113,115): error C2039: 'getanno': non è un membro di 'Item'
C:\Users\albim\OneDrive\Desktop\C++\Esercitazione 6\es2_esercitazione6\es2_esercitazione6\listTest.h(19): message : vedere la dichiarazione di 'Item'
C:\Users\albim\OneDrive\Desktop\C++\Esercitazione 6\es2_esercitazione6\es2_esercitazione6\Origine.cpp(113,132): error C2039: 'getanno': non è un membro di 'Item'
C:\Users\albim\OneDrive\Desktop\C++\Esercitazione 6\es2_esercitazione6\es2_esercitazione6\listTest.h(19): message : vedere la dichiarazione di 'Item'
C:\Users\albim\OneDrive\Desktop\C++\Esercitazione 6\es2_esercitazione6\es2_esercitazione6\Origine.cpp(113,149): error C2039: 'getmese': non è un membro di 'Item'
C:\Users\albim\OneDrive\Desktop\C++\Esercitazione 6\es2_esercitazione6\es2_esercitazione6\listTest.h(19): message : vedere la dichiarazione di 'Item'
C:\Users\albim\OneDrive\Desktop\C++\Esercitazione 6\es2_esercitazione6\es2_esercitazione6\Origine.cpp(113,166): error C2039: 'getmese': non è un membro di 'Item'
C:\Users\albim\OneDrive\Desktop\C++\Esercitazione 6\es2_esercitazione6\es2_esercitazione6\listTest.h(19): message : vedere la dichiarazione di 'Item'
C:\Users\albim\OneDrive\Desktop\C++\Esercitazione 6\es2_esercitazione6\es2_esercitazione6\Origine.cpp(113,183): error C2039: 'getgiorno': non è un membro di 'Item'
C:\Users\albim\OneDrive\Desktop\C++\Esercitazione 6\es2_esercitazione6\es2_esercitazione6\listTest.h(19): message : vedere la dichiarazione di 'Item'
C:\Users\albim\OneDrive\Desktop\C++\Esercitazione 6\es2_esercitazione6\es2_esercitazione6\Origine.cpp(113,201): error C2039: 'getgiorno': non è un membro di 'Item'
C:\Users\albim\OneDrive\Desktop\C++\Esercitazione 6\es2_esercitazione6\es2_esercitazione6\listTest.h(19): message : vedere la dichiarazione di 'Item'
C:\Users\albim\OneDrive\Desktop\C++\Esercitazione 6\es2_esercitazione6\es2_esercitazione6\Origine.cpp(131,14): error C2039: 'getcognome': non è un membro di 'Item'
C:\Users\albim\OneDrive\Desktop\C++\Esercitazione 6\es2_esercitazione6\es2_esercitazione6\listTest.h(19): message : vedere la dichiarazione di 'Item'
C:\Users\albim\OneDrive\Desktop\C++\Esercitazione 6\es2_esercitazione6\es2_esercitazione6\Origine.cpp(131,41): error C2039: 'getcognome': non è un membro di 'Item'
C:\Users\albim\OneDrive\Desktop\C++\Esercitazione 6\es2_esercitazione6\es2_esercitazione6\listTest.h(19): message : vedere la dichiarazione di 'Item'
C:\Users\albim\OneDrive\Desktop\C++\Esercitazione 6\es2_esercitazione6\es2_esercitazione6\Origine.cpp(132,15): error C2039: 'getcognome': non è un membro di 'Item'
C:\Users\albim\OneDrive\Desktop\C++\Esercitazione 6\es2_esercitazione6\es2_esercitazione6\listTest.h(19): message : vedere la dichiarazione di 'Item'
C:\Users\albim\OneDrive\Desktop\C++\Esercitazione 6\es2_esercitazione6\es2_esercitazione6\Origine.cpp(132,43): error C2039: 'getcognome': non è un membro di 'Item'
C:\Users\albim\OneDrive\Desktop\C++\Esercitazione 6\es2_esercitazione6\es2_esercitazione6\listTest.h(19): message : vedere la dichiarazione di 'Item'
C:\Users\albim\OneDrive\Desktop\C++\Esercitazione 6\es2_esercitazione6\es2_esercitazione6\Origine.cpp(132,69): error C2039: 'getnome': non è un membro di 'Item'
C:\Users\albim\OneDrive\Desktop\C++\Esercitazione 6\es2_esercitazione6\es2_esercitazione6\listTest.h(19): message : vedere la dichiarazione di 'Item'
C:\Users\albim\OneDrive\Desktop\C++\Esercitazione 6\es2_esercitazione6\es2_esercitazione6\Origine.cpp(132,93): error C2039: 'getnome': non è un membro di 'Item'
C:\Users\albim\OneDrive\Desktop\C++\Esercitazione 6\es2_esercitazione6\es2_esercitazione6\listTest.h(19): message : vedere la dichiarazione di 'Item'
C:\Users\albim\OneDrive\Desktop\C++\Esercitazione 6\es2_esercitazione6\es2_esercitazione6\Origine.cpp(133,15): error C2039: 'getcognome': non è un membro di 'Item'
C:\Users\albim\OneDrive\Desktop\C++\Esercitazione 6\es2_esercitazione6\es2_esercitazione6\listTest.h(19): message : vedere la dichiarazione di 'Item'
C:\Users\albim\OneDrive\Desktop\C++\Esercitazione 6\es2_esercitazione6\es2_esercitazione6\Origine.cpp(133,43): error C2039: 'getcognome': non è un membro di 'Item'
C:\Users\albim\OneDrive\Desktop\C++\Esercitazione 6\es2_esercitazione6\es2_esercitazione6\listTest.h(19): message : vedere la dichiarazione di 'Item'
C:\Users\albim\OneDrive\Desktop\C++\Esercitazione 6\es2_esercitazione6\es2_esercitazione6\Origine.cpp(133,69): error C2039: 'getnome': non è un membro di 'Item'
C:\Users\albim\OneDrive\Desktop\C++\Esercitazione 6\es2_esercitazione6\es2_esercitazione6\listTest.h(19): message : vedere la dichiarazione di 'Item'
C:\Users\albim\OneDrive\Desktop\C++\Esercitazione 6\es2_esercitazione6\es2_esercitazione6\Origine.cpp(133,94): error C2039: 'getnome': non è un membro di 'Item'
C:\Users\albim\OneDrive\Desktop\C++\Esercitazione 6\es2_esercitazione6\es2_esercitazione6\listTest.h(19): message : vedere la dichiarazione di 'Item'
